10:11:32.917 [Worker-1612] INFO  o.a.AndroidAnnotationProcessor:85 - Initialize AndroidAnnotations 3.0.1 with options {phase=BUILD}
10:11:32.918 [Worker-1612] INFO  o.a.AndroidAnnotationProcessor:109 - Start processing for 4 annotations on 5 elements
10:11:32.924 [Worker-1612] DEBUG o.a.h.AndroidManifestFinder:137 - AndroidManifest.xml file found in parent folder /Users/zhiguodeng/git/mvc_android/MVCSample: /Users/zhiguodeng/git/mvc_android/MVCSample/AndroidManifest.xml
10:11:32.926 [Worker-1612] INFO  o.a.AndroidAnnotationProcessor:172 - AndroidManifest.xml found: AndroidManifest [applicationPackage=com.example.mvcsample, componentQualifiedNames=[com.example.mvcsample.MainActivity_, com.example.mvcsample.ControlerService_], permissionQualifiedNames=[], applicationClassName=null, libraryProject=false, debugabble=false, minSdkVersion=8, maxSdkVersion=-1, targetSdkVersion=18]
10:11:32.926 [Worker-1612] INFO  o.a.r.ProjectRClassFinder:50 - Found project R class: com.example.mvcsample.R
10:11:32.927 [Worker-1612] INFO  o.a.r.AndroidRClassFinder:44 - Found Android class: android.R
10:11:32.930 [Worker-1612] INFO  o.a.p.ModelValidator:42 - Validating elements
10:11:32.931 [Worker-1612] DEBUG o.a.p.ModelValidator:62 - Validating with EActivityHandler: [com.example.mvcsample.MainActivity]
10:11:32.931 [Worker-1612] DEBUG o.a.p.ModelValidator:62 - Validating with EServiceHandler: [com.example.mvcsample.ControlerService]
10:11:32.931 [Worker-1612] DEBUG o.a.p.ModelValidator:62 - Validating with ViewByIdHandler: [txt]
10:11:32.932 [Worker-1612] DEBUG o.a.p.ModelValidator:62 - Validating with ClickHandler: [void txtClick() ]
10:11:32.932 [Worker-1612] INFO  o.a.p.ModelProcessor:73 - Processing root elements
10:11:32.933 [Worker-1612] DEBUG o.a.p.ModelProcessor:80 - Processing root elements EActivityHandler: [com.example.mvcsample.MainActivity]
10:11:32.934 [Worker-1612] DEBUG o.a.p.ModelProcessor:80 - Processing root elements EServiceHandler: [com.example.mvcsample.ControlerService]
10:11:32.934 [Worker-1612] INFO  o.a.p.ModelProcessor:104 - Processing enclosed elements
10:11:32.935 [Worker-1612] INFO  o.a.AndroidAnnotationProcessor:251 - Number of files generated by AndroidAnnotations: 2
10:11:32.935 [Worker-1612] INFO  o.a.g.ApiCodeGenerator:52 - Writting following API classes in project: []
10:11:32.935 [Worker-1612] DEBUG o.a.g.SourceCodewriter:55 - Generating class: com.example.mvcsample.ControlerService_
10:11:32.938 [Worker-1612] DEBUG o.a.g.SourceCodewriter:55 - Generating class: com.example.mvcsample.MainActivity_
10:11:32.940 [Worker-1612] INFO  o.a.p.TimeStats:81 - Time measurements: [Whole Processing = 22 ms], [Extract Annotations = 5 ms], [Generate Sources = 5 ms], [Find R Classes = 4 ms], [Process Annotations = 3 ms], [Extract Manifest = 2 ms], [Validate Annotations = 2 ms], 
10:11:32.940 [Worker-1612] INFO  o.a.AndroidAnnotationProcessor:123 - Finish processing
10:11:35.952 [Worker-1582] INFO  o.a.AndroidAnnotationProcessor:85 - Initialize AndroidAnnotations 3.0.1 with options {phase=BUILD}
10:12:25.421 [Worker-27] INFO  o.a.AndroidAnnotationProcessor:85 - Initialize AndroidAnnotations 3.0.1 with options {phase=BUILD}
10:12:25.474 [Worker-27] INFO  o.a.AndroidAnnotationProcessor:109 - Start processing for 4 annotations on 5 elements
10:12:25.526 [Worker-27] DEBUG o.a.h.AndroidManifestFinder:137 - AndroidManifest.xml file found in parent folder /Users/zhiguodeng/git/mvc_android/MVCSample: /Users/zhiguodeng/git/mvc_android/MVCSample/AndroidManifest.xml
10:12:25.529 [Worker-27] INFO  o.a.AndroidAnnotationProcessor:172 - AndroidManifest.xml found: AndroidManifest [applicationPackage=com.example.mvcsample, componentQualifiedNames=[com.example.mvcsample.MainActivity_, com.example.mvcsample.ControlerService_], permissionQualifiedNames=[], applicationClassName=null, libraryProject=false, debugabble=false, minSdkVersion=8, maxSdkVersion=-1, targetSdkVersion=18]
10:12:25.530 [Worker-27] INFO  o.a.r.ProjectRClassFinder:50 - Found project R class: com.example.mvcsample.R
10:12:25.533 [Worker-27] INFO  o.a.r.AndroidRClassFinder:44 - Found Android class: android.R
10:12:25.561 [Worker-27] INFO  o.a.p.ModelValidator:42 - Validating elements
10:12:25.561 [Worker-27] DEBUG o.a.p.ModelValidator:62 - Validating with EActivityHandler: [com.example.mvcsample.MainActivity]
10:12:25.564 [Worker-27] DEBUG o.a.p.ModelValidator:62 - Validating with EServiceHandler: [com.example.mvcsample.ControlerService]
10:12:25.565 [Worker-27] DEBUG o.a.p.ModelValidator:62 - Validating with ViewByIdHandler: [txt]
10:12:25.567 [Worker-27] DEBUG o.a.p.ModelValidator:62 - Validating with ClickHandler: [void txtClick() ]
10:12:25.578 [Worker-27] INFO  o.a.p.ModelProcessor:73 - Processing root elements
10:12:25.578 [Worker-27] DEBUG o.a.p.ModelProcessor:80 - Processing root elements EActivityHandler: [com.example.mvcsample.MainActivity]
10:12:25.604 [Worker-27] DEBUG o.a.p.ModelProcessor:80 - Processing root elements EServiceHandler: [com.example.mvcsample.ControlerService]
10:12:25.605 [Worker-27] INFO  o.a.p.ModelProcessor:104 - Processing enclosed elements
10:12:25.606 [Worker-27] INFO  o.a.AndroidAnnotationProcessor:251 - Number of files generated by AndroidAnnotations: 2
10:12:25.608 [Worker-27] INFO  o.a.g.ApiCodeGenerator:52 - Writting following API classes in project: []
10:12:25.610 [Worker-27] DEBUG o.a.g.SourceCodewriter:55 - Generating class: com.example.mvcsample.ControlerService_
10:12:25.622 [Worker-27] DEBUG o.a.g.SourceCodewriter:55 - Generating class: com.example.mvcsample.MainActivity_
10:12:25.632 [Worker-27] INFO  o.a.p.TimeStats:81 - Time measurements: [Whole Processing = 158 ms], [Extract Annotations = 50 ms], [Process Annotations = 37 ms], [Generate Sources = 26 ms], [Find R Classes = 23 ms], [Validate Annotations = 9 ms], [Extract Manifest = 5 ms], 
10:12:25.633 [Worker-27] INFO  o.a.AndroidAnnotationProcessor:123 - Finish processing
10:13:18.33 [Worker-8] INFO  o.a.AndroidAnnotationProcessor:85 - Initialize AndroidAnnotations 3.0.1 with options {phase=BUILD}
10:13:18.35 [Worker-8] INFO  o.a.AndroidAnnotationProcessor:109 - Start processing for 3 annotations on 1 elements
10:13:18.46 [Worker-8] DEBUG o.a.h.AndroidManifestFinder:137 - AndroidManifest.xml file found in parent folder /Users/zhiguodeng/git/mvc_android/MVCSample: /Users/zhiguodeng/git/mvc_android/MVCSample/AndroidManifest.xml
10:13:18.48 [Worker-8] INFO  o.a.AndroidAnnotationProcessor:172 - AndroidManifest.xml found: AndroidManifest [applicationPackage=com.example.mvcsample, componentQualifiedNames=[com.example.mvcsample.MainActivity_, com.example.mvcsample.ControlerService_], permissionQualifiedNames=[], applicationClassName=null, libraryProject=false, debugabble=false, minSdkVersion=8, maxSdkVersion=-1, targetSdkVersion=18]
10:13:18.48 [Worker-8] INFO  o.a.r.ProjectRClassFinder:50 - Found project R class: com.example.mvcsample.R
10:13:18.50 [Worker-8] INFO  o.a.r.AndroidRClassFinder:44 - Found Android class: android.R
10:13:18.59 [Worker-8] INFO  o.a.p.ModelValidator:42 - Validating elements
10:13:18.59 [Worker-8] DEBUG o.a.p.ModelValidator:62 - Validating with EActivityHandler: [com.example.mvcsample.MainActivity]
10:13:18.59 [Worker-8] DEBUG o.a.p.ModelValidator:62 - Validating with ViewByIdHandler: [txt]
10:13:18.60 [Worker-8] DEBUG o.a.p.ModelValidator:62 - Validating with ClickHandler: [void txtClick() ]
10:13:18.60 [Worker-8] INFO  o.a.p.ModelProcessor:73 - Processing root elements
10:13:18.61 [Worker-8] DEBUG o.a.p.ModelProcessor:80 - Processing root elements EActivityHandler: [com.example.mvcsample.MainActivity]
10:13:18.63 [Worker-8] INFO  o.a.p.ModelProcessor:104 - Processing enclosed elements
10:13:18.64 [Worker-8] INFO  o.a.AndroidAnnotationProcessor:251 - Number of files generated by AndroidAnnotations: 1
10:13:18.64 [Worker-8] INFO  o.a.g.ApiCodeGenerator:52 - Writting following API classes in project: []
10:13:18.64 [Worker-8] DEBUG o.a.g.SourceCodewriter:55 - Generating class: com.example.mvcsample.MainActivity_
10:13:18.72 [Worker-8] INFO  o.a.p.TimeStats:81 - Time measurements: [Whole Processing = 37 ms], [Extract Annotations = 10 ms], [Find R Classes = 10 ms], [Generate Sources = 8 ms], [Process Annotations = 4 ms], [Extract Manifest = 3 ms], [Validate Annotations = 1 ms], 
10:13:18.72 [Worker-8] INFO  o.a.AndroidAnnotationProcessor:123 - Finish processing
10:13:21.46 [Worker-1] INFO  o.a.AndroidAnnotationProcessor:85 - Initialize AndroidAnnotations 3.0.1 with options {phase=BUILD}
10:13:21.47 [Worker-1] INFO  o.a.AndroidAnnotationProcessor:109 - Start processing for 3 annotations on 2 elements
10:13:21.58 [Worker-1] DEBUG o.a.h.AndroidManifestFinder:137 - AndroidManifest.xml file found in parent folder /Users/zhiguodeng/git/mvc_android/MVCSample: /Users/zhiguodeng/git/mvc_android/MVCSample/AndroidManifest.xml
10:13:21.60 [Worker-1] INFO  o.a.AndroidAnnotationProcessor:172 - AndroidManifest.xml found: AndroidManifest [applicationPackage=com.example.mvcsample, componentQualifiedNames=[com.example.mvcsample.MainActivity_, com.example.mvcsample.ControlerService_], permissionQualifiedNames=[], applicationClassName=null, libraryProject=false, debugabble=false, minSdkVersion=8, maxSdkVersion=-1, targetSdkVersion=18]
10:13:21.60 [Worker-1] INFO  o.a.r.ProjectRClassFinder:50 - Found project R class: com.example.mvcsample.R
10:13:21.61 [Worker-1] INFO  o.a.r.AndroidRClassFinder:44 - Found Android class: android.R
10:13:21.71 [Worker-1] INFO  o.a.p.ModelValidator:42 - Validating elements
10:13:21.71 [Worker-1] DEBUG o.a.p.ModelValidator:62 - Validating with EActivityHandler: [com.example.mvcsample.MainActivity]
10:13:21.71 [Worker-1] DEBUG o.a.p.ModelValidator:62 - Validating with ViewByIdHandler: [txt]
10:13:21.72 [Worker-1] DEBUG o.a.p.ModelValidator:62 - Validating with ClickHandler: [void txtClick() ]
10:13:21.73 [Worker-1] INFO  o.a.p.ModelProcessor:73 - Processing root elements
10:13:21.73 [Worker-1] DEBUG o.a.p.ModelProcessor:80 - Processing root elements EActivityHandler: [com.example.mvcsample.MainActivity]
10:13:21.78 [Worker-1] INFO  o.a.p.ModelProcessor:104 - Processing enclosed elements
10:13:21.78 [Worker-1] INFO  o.a.AndroidAnnotationProcessor:251 - Number of files generated by AndroidAnnotations: 1
10:13:21.79 [Worker-1] INFO  o.a.g.ApiCodeGenerator:52 - Writting following API classes in project: []
10:13:21.79 [Worker-1] DEBUG o.a.g.SourceCodewriter:55 - Generating class: com.example.mvcsample.MainActivity_
10:13:21.86 [Worker-1] INFO  o.a.p.TimeStats:81 - Time measurements: [Whole Processing = 39 ms], [Extract Annotations = 10 ms], [Find R Classes = 10 ms], [Generate Sources = 8 ms], [Process Annotations = 5 ms], [Extract Manifest = 2 ms], [Validate Annotations = 2 ms], 
10:13:21.86 [Worker-1] INFO  o.a.AndroidAnnotationProcessor:123 - Finish processing
10:15:08.851 [Worker-27] INFO  o.a.AndroidAnnotationProcessor:85 - Initialize AndroidAnnotations 3.0.1 with options {phase=BUILD}
10:15:08.853 [Worker-27] INFO  o.a.AndroidAnnotationProcessor:109 - Start processing for 1 annotations on 1 elements
10:15:08.858 [Worker-27] DEBUG o.a.h.AndroidManifestFinder:137 - AndroidManifest.xml file found in parent folder /Users/zhiguodeng/git/mvc_android/MVCSample: /Users/zhiguodeng/git/mvc_android/MVCSample/AndroidManifest.xml
10:15:08.859 [Worker-27] INFO  o.a.AndroidAnnotationProcessor:172 - AndroidManifest.xml found: AndroidManifest [applicationPackage=com.example.mvcsample, componentQualifiedNames=[com.example.mvcsample.MainActivity_, com.example.mvcsample.ControlerService_], permissionQualifiedNames=[], applicationClassName=null, libraryProject=false, debugabble=false, minSdkVersion=8, maxSdkVersion=-1, targetSdkVersion=18]
10:15:08.860 [Worker-27] INFO  o.a.r.ProjectRClassFinder:50 - Found project R class: com.example.mvcsample.R
10:15:08.861 [Worker-27] INFO  o.a.r.AndroidRClassFinder:44 - Found Android class: android.R
10:15:08.869 [Worker-27] INFO  o.a.p.ModelValidator:42 - Validating elements
10:15:08.870 [Worker-27] DEBUG o.a.p.ModelValidator:62 - Validating with EServiceHandler: [com.example.mvcsample.ControlerService]
10:15:08.870 [Worker-27] INFO  o.a.p.ModelProcessor:73 - Processing root elements
10:15:08.870 [Worker-27] DEBUG o.a.p.ModelProcessor:80 - Processing root elements EServiceHandler: [com.example.mvcsample.ControlerService]
10:15:08.871 [Worker-27] INFO  o.a.p.ModelProcessor:104 - Processing enclosed elements
10:15:08.871 [Worker-27] INFO  o.a.AndroidAnnotationProcessor:251 - Number of files generated by AndroidAnnotations: 1
10:15:08.872 [Worker-27] INFO  o.a.g.ApiCodeGenerator:52 - Writting following API classes in project: []
10:15:08.872 [Worker-27] DEBUG o.a.g.SourceCodewriter:55 - Generating class: com.example.mvcsample.ControlerService_
10:15:08.873 [Worker-27] INFO  o.a.p.TimeStats:81 - Time measurements: [Whole Processing = 20 ms], [Find R Classes = 9 ms], [Extract Annotations = 5 ms], [Generate Sources = 2 ms], [Extract Manifest = 1 ms], [Validate Annotations = 1 ms], [Process Annotations = 1 ms], 
10:15:08.874 [Worker-27] INFO  o.a.AndroidAnnotationProcessor:123 - Finish processing
10:28:22.175 [Worker-5] INFO  o.a.AndroidAnnotationProcessor:85 - Initialize AndroidAnnotations 3.0.1 with options {phase=BUILD}
10:28:22.176 [Worker-5] INFO  o.a.AndroidAnnotationProcessor:109 - Start processing for 3 annotations on 1 elements
10:28:22.194 [Worker-5] DEBUG o.a.h.AndroidManifestFinder:137 - AndroidManifest.xml file found in parent folder /Users/zhiguodeng/git/mvc_android/MVCSample: /Users/zhiguodeng/git/mvc_android/MVCSample/AndroidManifest.xml
10:28:22.196 [Worker-5] INFO  o.a.AndroidAnnotationProcessor:172 - AndroidManifest.xml found: AndroidManifest [applicationPackage=com.example.mvcsample, componentQualifiedNames=[com.example.mvcsample.MainActivity_, com.example.mvcsample.ControlerService_], permissionQualifiedNames=[], applicationClassName=null, libraryProject=false, debugabble=false, minSdkVersion=8, maxSdkVersion=-1, targetSdkVersion=18]
10:28:22.196 [Worker-5] INFO  o.a.r.ProjectRClassFinder:50 - Found project R class: com.example.mvcsample.R
10:28:22.199 [Worker-5] INFO  o.a.r.AndroidRClassFinder:44 - Found Android class: android.R
10:28:22.210 [Worker-5] INFO  o.a.p.ModelValidator:42 - Validating elements
10:28:22.211 [Worker-5] DEBUG o.a.p.ModelValidator:62 - Validating with EActivityHandler: [com.example.mvcsample.MainActivity]
10:28:22.211 [Worker-5] DEBUG o.a.p.ModelValidator:62 - Validating with ViewByIdHandler: [txt]
10:28:22.212 [Worker-5] DEBUG o.a.p.ModelValidator:62 - Validating with ClickHandler: [void txtClick() ]
10:28:22.214 [Worker-5] INFO  o.a.p.ModelProcessor:73 - Processing root elements
10:28:22.214 [Worker-5] DEBUG o.a.p.ModelProcessor:80 - Processing root elements EActivityHandler: [com.example.mvcsample.MainActivity]
10:28:22.218 [Worker-5] INFO  o.a.p.ModelProcessor:104 - Processing enclosed elements
10:28:22.218 [Worker-5] INFO  o.a.AndroidAnnotationProcessor:251 - Number of files generated by AndroidAnnotations: 1
10:28:22.219 [Worker-5] INFO  o.a.g.ApiCodeGenerator:52 - Writting following API classes in project: []
10:28:22.219 [Worker-5] DEBUG o.a.g.SourceCodewriter:55 - Generating class: com.example.mvcsample.MainActivity_
10:28:22.223 [Worker-5] INFO  o.a.p.TimeStats:81 - Time measurements: [Whole Processing = 47 ms], [Extract Annotations = 18 ms], [Find R Classes = 14 ms], [Process Annotations = 5 ms], [Generate Sources = 5 ms], [Validate Annotations = 3 ms], [Extract Manifest = 2 ms], 
10:28:22.224 [Worker-5] INFO  o.a.AndroidAnnotationProcessor:123 - Finish processing
10:29:10.10 [Worker-31] INFO  o.a.AndroidAnnotationProcessor:85 - Initialize AndroidAnnotations 3.0.1 with options {phase=BUILD}
10:29:10.11 [Worker-31] INFO  o.a.AndroidAnnotationProcessor:109 - Start processing for 3 annotations on 1 elements
10:29:10.19 [Worker-31] DEBUG o.a.h.AndroidManifestFinder:137 - AndroidManifest.xml file found in parent folder /Users/zhiguodeng/git/mvc_android/MVCSample: /Users/zhiguodeng/git/mvc_android/MVCSample/AndroidManifest.xml
10:29:10.21 [Worker-31] INFO  o.a.AndroidAnnotationProcessor:172 - AndroidManifest.xml found: AndroidManifest [applicationPackage=com.example.mvcsample, componentQualifiedNames=[com.example.mvcsample.MainActivity_, com.example.mvcsample.ControlerService_], permissionQualifiedNames=[], applicationClassName=null, libraryProject=false, debugabble=false, minSdkVersion=8, maxSdkVersion=-1, targetSdkVersion=18]
10:29:10.21 [Worker-31] INFO  o.a.r.ProjectRClassFinder:50 - Found project R class: com.example.mvcsample.R
10:29:10.22 [Worker-31] INFO  o.a.r.AndroidRClassFinder:44 - Found Android class: android.R
10:29:10.26 [Worker-31] INFO  o.a.p.ModelValidator:42 - Validating elements
10:29:10.26 [Worker-31] DEBUG o.a.p.ModelValidator:62 - Validating with EActivityHandler: [com.example.mvcsample.MainActivity]
10:29:10.27 [Worker-31] DEBUG o.a.p.ModelValidator:62 - Validating with ViewByIdHandler: [txt]
10:29:10.27 [Worker-31] DEBUG o.a.p.ModelValidator:62 - Validating with ClickHandler: [void txtClick() ]
10:29:10.28 [Worker-31] INFO  o.a.p.ModelProcessor:73 - Processing root elements
10:29:10.28 [Worker-31] DEBUG o.a.p.ModelProcessor:80 - Processing root elements EActivityHandler: [com.example.mvcsample.MainActivity]
10:29:10.30 [Worker-31] INFO  o.a.p.ModelProcessor:104 - Processing enclosed elements
10:29:10.31 [Worker-31] INFO  o.a.AndroidAnnotationProcessor:251 - Number of files generated by AndroidAnnotations: 1
10:29:10.31 [Worker-31] INFO  o.a.g.ApiCodeGenerator:52 - Writting following API classes in project: []
10:29:10.31 [Worker-31] DEBUG o.a.g.SourceCodewriter:55 - Generating class: com.example.mvcsample.MainActivity_
10:29:10.35 [Worker-31] INFO  o.a.p.TimeStats:81 - Time measurements: [Whole Processing = 24 ms], [Extract Annotations = 8 ms], [Find R Classes = 5 ms], [Process Annotations = 4 ms], [Generate Sources = 4 ms], [Extract Manifest = 2 ms], [Validate Annotations = 1 ms], 
10:29:10.35 [Worker-31] INFO  o.a.AndroidAnnotationProcessor:123 - Finish processing
10:31:14.76 [Worker-35] INFO  o.a.AndroidAnnotationProcessor:85 - Initialize AndroidAnnotations 3.0.1 with options {phase=BUILD}
10:31:14.78 [Worker-35] INFO  o.a.AndroidAnnotationProcessor:109 - Start processing for 3 annotations on 1 elements
10:31:14.85 [Worker-35] DEBUG o.a.h.AndroidManifestFinder:137 - AndroidManifest.xml file found in parent folder /Users/zhiguodeng/git/mvc_android/MVCSample: /Users/zhiguodeng/git/mvc_android/MVCSample/AndroidManifest.xml
10:31:14.87 [Worker-35] INFO  o.a.AndroidAnnotationProcessor:172 - AndroidManifest.xml found: AndroidManifest [applicationPackage=com.example.mvcsample, componentQualifiedNames=[com.example.mvcsample.MainActivity_, com.example.mvcsample.ControlerService_], permissionQualifiedNames=[], applicationClassName=null, libraryProject=false, debugabble=false, minSdkVersion=8, maxSdkVersion=-1, targetSdkVersion=18]
10:31:14.87 [Worker-35] INFO  o.a.r.ProjectRClassFinder:50 - Found project R class: com.example.mvcsample.R
10:31:14.88 [Worker-35] INFO  o.a.r.AndroidRClassFinder:44 - Found Android class: android.R
10:31:14.93 [Worker-35] INFO  o.a.p.ModelValidator:42 - Validating elements
10:31:14.93 [Worker-35] DEBUG o.a.p.ModelValidator:62 - Validating with EActivityHandler: [com.example.mvcsample.MainActivity]
10:31:14.94 [Worker-35] DEBUG o.a.p.ModelValidator:62 - Validating with ViewByIdHandler: [txt]
10:31:14.94 [Worker-35] DEBUG o.a.p.ModelValidator:62 - Validating with ClickHandler: [void txtClick() ]
10:31:14.95 [Worker-35] INFO  o.a.p.ModelProcessor:73 - Processing root elements
10:31:14.95 [Worker-35] DEBUG o.a.p.ModelProcessor:80 - Processing root elements EActivityHandler: [com.example.mvcsample.MainActivity]
10:31:14.97 [Worker-35] INFO  o.a.p.ModelProcessor:104 - Processing enclosed elements
10:31:14.98 [Worker-35] INFO  o.a.AndroidAnnotationProcessor:251 - Number of files generated by AndroidAnnotations: 1
10:31:14.98 [Worker-35] INFO  o.a.g.ApiCodeGenerator:52 - Writting following API classes in project: []
10:31:14.98 [Worker-35] DEBUG o.a.g.SourceCodewriter:55 - Generating class: com.example.mvcsample.MainActivity_
10:31:14.101 [Worker-35] INFO  o.a.p.TimeStats:81 - Time measurements: [Whole Processing = 23 ms], [Extract Annotations = 7 ms], [Find R Classes = 6 ms], [Process Annotations = 4 ms], [Generate Sources = 3 ms], [Extract Manifest = 2 ms], [Validate Annotations = 1 ms], 
10:31:14.102 [Worker-35] INFO  o.a.AndroidAnnotationProcessor:123 - Finish processing
10:32:06.233 [Worker-32] INFO  o.a.AndroidAnnotationProcessor:85 - Initialize AndroidAnnotations 3.0.1 with options {phase=BUILD}
10:32:06.235 [Worker-32] INFO  o.a.AndroidAnnotationProcessor:109 - Start processing for 3 annotations on 1 elements
10:32:06.241 [Worker-32] DEBUG o.a.h.AndroidManifestFinder:137 - AndroidManifest.xml file found in parent folder /Users/zhiguodeng/git/mvc_android/MVCSample: /Users/zhiguodeng/git/mvc_android/MVCSample/AndroidManifest.xml
10:32:06.243 [Worker-32] INFO  o.a.AndroidAnnotationProcessor:172 - AndroidManifest.xml found: AndroidManifest [applicationPackage=com.example.mvcsample, componentQualifiedNames=[com.example.mvcsample.MainActivity_, com.example.mvcsample.ControlerService_], permissionQualifiedNames=[], applicationClassName=null, libraryProject=false, debugabble=false, minSdkVersion=8, maxSdkVersion=-1, targetSdkVersion=18]
10:32:06.243 [Worker-32] INFO  o.a.r.ProjectRClassFinder:50 - Found project R class: com.example.mvcsample.R
10:32:06.244 [Worker-32] INFO  o.a.r.AndroidRClassFinder:44 - Found Android class: android.R
10:32:06.249 [Worker-32] INFO  o.a.p.ModelValidator:42 - Validating elements
10:32:06.249 [Worker-32] DEBUG o.a.p.ModelValidator:62 - Validating with EActivityHandler: [com.example.mvcsample.MainActivity]
10:32:06.250 [Worker-32] DEBUG o.a.p.ModelValidator:62 - Validating with ViewByIdHandler: [txt]
10:32:06.250 [Worker-32] DEBUG o.a.p.ModelValidator:62 - Validating with ClickHandler: [void txtClick() ]
10:32:06.251 [Worker-32] INFO  o.a.p.ModelProcessor:73 - Processing root elements
10:32:06.251 [Worker-32] DEBUG o.a.p.ModelProcessor:80 - Processing root elements EActivityHandler: [com.example.mvcsample.MainActivity]
10:32:06.254 [Worker-32] INFO  o.a.p.ModelProcessor:104 - Processing enclosed elements
10:32:06.255 [Worker-32] INFO  o.a.AndroidAnnotationProcessor:251 - Number of files generated by AndroidAnnotations: 1
10:32:06.255 [Worker-32] INFO  o.a.g.ApiCodeGenerator:52 - Writting following API classes in project: []
10:32:06.256 [Worker-32] DEBUG o.a.g.SourceCodewriter:55 - Generating class: com.example.mvcsample.MainActivity_
10:32:06.260 [Worker-32] INFO  o.a.p.TimeStats:81 - Time measurements: [Whole Processing = 25 ms], [Extract Annotations = 6 ms], [Find R Classes = 6 ms], [Generate Sources = 5 ms], [Process Annotations = 4 ms], [Extract Manifest = 2 ms], [Validate Annotations = 2 ms], 
10:32:06.260 [Worker-32] INFO  o.a.AndroidAnnotationProcessor:123 - Finish processing
10:32:37.441 [Worker-37] INFO  o.a.AndroidAnnotationProcessor:85 - Initialize AndroidAnnotations 3.0.1 with options {phase=BUILD}
10:32:37.443 [Worker-37] INFO  o.a.AndroidAnnotationProcessor:109 - Start processing for 3 annotations on 1 elements
10:32:37.470 [Worker-37] DEBUG o.a.h.AndroidManifestFinder:137 - AndroidManifest.xml file found in parent folder /Users/zhiguodeng/git/mvc_android/MVCSample: /Users/zhiguodeng/git/mvc_android/MVCSample/AndroidManifest.xml
10:32:37.472 [Worker-37] INFO  o.a.AndroidAnnotationProcessor:172 - AndroidManifest.xml found: AndroidManifest [applicationPackage=com.example.mvcsample, componentQualifiedNames=[com.example.mvcsample.MainActivity_, com.example.mvcsample.ControlerService_], permissionQualifiedNames=[], applicationClassName=null, libraryProject=false, debugabble=false, minSdkVersion=8, maxSdkVersion=-1, targetSdkVersion=18]
10:32:37.472 [Worker-37] INFO  o.a.r.ProjectRClassFinder:50 - Found project R class: com.example.mvcsample.R
10:32:37.476 [Worker-37] INFO  o.a.r.AndroidRClassFinder:44 - Found Android class: android.R
10:32:37.487 [Worker-37] INFO  o.a.p.ModelValidator:42 - Validating elements
10:32:37.487 [Worker-37] DEBUG o.a.p.ModelValidator:62 - Validating with EActivityHandler: [com.example.mvcsample.MainActivity]
10:32:37.488 [Worker-37] DEBUG o.a.p.ModelValidator:62 - Validating with ViewByIdHandler: [txt]
10:32:37.488 [Worker-37] DEBUG o.a.p.ModelValidator:62 - Validating with ClickHandler: [void txtClick() ]
10:32:37.489 [Worker-37] INFO  o.a.p.ModelProcessor:73 - Processing root elements
10:32:37.489 [Worker-37] DEBUG o.a.p.ModelProcessor:80 - Processing root elements EActivityHandler: [com.example.mvcsample.MainActivity]
10:32:37.494 [Worker-37] INFO  o.a.p.ModelProcessor:104 - Processing enclosed elements
10:32:37.494 [Worker-37] INFO  o.a.AndroidAnnotationProcessor:251 - Number of files generated by AndroidAnnotations: 1
10:32:37.494 [Worker-37] INFO  o.a.g.ApiCodeGenerator:52 - Writting following API classes in project: []
10:32:37.495 [Worker-37] DEBUG o.a.g.SourceCodewriter:55 - Generating class: com.example.mvcsample.MainActivity_
10:32:37.498 [Worker-37] INFO  o.a.p.TimeStats:81 - Time measurements: [Whole Processing = 55 ms], [Extract Annotations = 27 ms], [Find R Classes = 15 ms], [Process Annotations = 5 ms], [Generate Sources = 4 ms], [Extract Manifest = 2 ms], [Validate Annotations = 2 ms], 
10:32:37.498 [Worker-37] INFO  o.a.AndroidAnnotationProcessor:123 - Finish processing
10:32:48.424 [Worker-35] INFO  o.a.AndroidAnnotationProcessor:85 - Initialize AndroidAnnotations 3.0.1 with options {phase=BUILD}
10:32:48.427 [Worker-35] INFO  o.a.AndroidAnnotationProcessor:109 - Start processing for 3 annotations on 1 elements
10:32:48.453 [Worker-35] DEBUG o.a.h.AndroidManifestFinder:137 - AndroidManifest.xml file found in parent folder /Users/zhiguodeng/git/mvc_android/MVCSample: /Users/zhiguodeng/git/mvc_android/MVCSample/AndroidManifest.xml
10:32:48.455 [Worker-35] INFO  o.a.AndroidAnnotationProcessor:172 - AndroidManifest.xml found: AndroidManifest [applicationPackage=com.example.mvcsample, componentQualifiedNames=[com.example.mvcsample.MainActivity_, com.example.mvcsample.ControlerService_], permissionQualifiedNames=[], applicationClassName=null, libraryProject=false, debugabble=false, minSdkVersion=8, maxSdkVersion=-1, targetSdkVersion=18]
10:32:48.455 [Worker-35] INFO  o.a.r.ProjectRClassFinder:50 - Found project R class: com.example.mvcsample.R
10:32:48.460 [Worker-35] INFO  o.a.r.AndroidRClassFinder:44 - Found Android class: android.R
10:32:48.471 [Worker-35] INFO  o.a.p.ModelValidator:42 - Validating elements
10:32:48.472 [Worker-35] DEBUG o.a.p.ModelValidator:62 - Validating with EActivityHandler: [com.example.mvcsample.MainActivity]
10:32:48.472 [Worker-35] DEBUG o.a.p.ModelValidator:62 - Validating with ViewByIdHandler: [txt]
10:32:48.473 [Worker-35] DEBUG o.a.p.ModelValidator:62 - Validating with ClickHandler: [void txtClick() ]
10:32:48.475 [Worker-35] INFO  o.a.p.ModelProcessor:73 - Processing root elements
10:32:48.475 [Worker-35] DEBUG o.a.p.ModelProcessor:80 - Processing root elements EActivityHandler: [com.example.mvcsample.MainActivity]
10:32:48.479 [Worker-35] INFO  o.a.p.ModelProcessor:104 - Processing enclosed elements
10:32:48.480 [Worker-35] INFO  o.a.AndroidAnnotationProcessor:251 - Number of files generated by AndroidAnnotations: 1
10:32:48.480 [Worker-35] INFO  o.a.g.ApiCodeGenerator:52 - Writting following API classes in project: []
10:32:48.480 [Worker-35] DEBUG o.a.g.SourceCodewriter:55 - Generating class: com.example.mvcsample.MainActivity_
10:32:48.483 [Worker-35] INFO  o.a.p.TimeStats:81 - Time measurements: [Whole Processing = 56 ms], [Extract Annotations = 26 ms], [Find R Classes = 16 ms], [Process Annotations = 5 ms], [Validate Annotations = 4 ms], [Generate Sources = 3 ms], [Extract Manifest = 2 ms], 
10:32:48.484 [Worker-35] INFO  o.a.AndroidAnnotationProcessor:123 - Finish processing
10:33:40.338 [Worker-37] INFO  o.a.AndroidAnnotationProcessor:85 - Initialize AndroidAnnotations 3.0.1 with options {phase=BUILD}
10:33:40.339 [Worker-37] INFO  o.a.AndroidAnnotationProcessor:109 - Start processing for 3 annotations on 1 elements
10:33:40.361 [Worker-37] DEBUG o.a.h.AndroidManifestFinder:137 - AndroidManifest.xml file found in parent folder /Users/zhiguodeng/git/mvc_android/MVCSample: /Users/zhiguodeng/git/mvc_android/MVCSample/AndroidManifest.xml
10:33:40.363 [Worker-37] INFO  o.a.AndroidAnnotationProcessor:172 - AndroidManifest.xml found: AndroidManifest [applicationPackage=com.example.mvcsample, componentQualifiedNames=[com.example.mvcsample.MainActivity_, com.example.mvcsample.ControlerService_], permissionQualifiedNames=[], applicationClassName=null, libraryProject=false, debugabble=false, minSdkVersion=8, maxSdkVersion=-1, targetSdkVersion=18]
10:33:40.364 [Worker-37] INFO  o.a.r.ProjectRClassFinder:50 - Found project R class: com.example.mvcsample.R
10:33:40.366 [Worker-37] INFO  o.a.r.AndroidRClassFinder:44 - Found Android class: android.R
10:33:40.374 [Worker-37] INFO  o.a.p.ModelValidator:42 - Validating elements
10:33:40.374 [Worker-37] DEBUG o.a.p.ModelValidator:62 - Validating with EActivityHandler: [com.example.mvcsample.MainActivity]
10:33:40.375 [Worker-37] DEBUG o.a.p.ModelValidator:62 - Validating with ViewByIdHandler: [txt]
10:33:40.376 [Worker-37] DEBUG o.a.p.ModelValidator:62 - Validating with ClickHandler: [void txtClick() ]
10:33:40.377 [Worker-37] INFO  o.a.p.ModelProcessor:73 - Processing root elements
10:33:40.377 [Worker-37] DEBUG o.a.p.ModelProcessor:80 - Processing root elements EActivityHandler: [com.example.mvcsample.MainActivity]
10:33:40.380 [Worker-37] INFO  o.a.p.ModelProcessor:104 - Processing enclosed elements
10:33:40.380 [Worker-37] INFO  o.a.AndroidAnnotationProcessor:251 - Number of files generated by AndroidAnnotations: 1
10:33:40.381 [Worker-37] INFO  o.a.g.ApiCodeGenerator:52 - Writting following API classes in project: []
10:33:40.381 [Worker-37] DEBUG o.a.g.SourceCodewriter:55 - Generating class: com.example.mvcsample.MainActivity_
10:33:40.385 [Worker-37] INFO  o.a.p.TimeStats:81 - Time measurements: [Whole Processing = 45 ms], [Extract Annotations = 22 ms], [Find R Classes = 10 ms], [Process Annotations = 4 ms], [Generate Sources = 4 ms], [Extract Manifest = 2 ms], [Validate Annotations = 2 ms], 
10:33:40.385 [Worker-37] INFO  o.a.AndroidAnnotationProcessor:123 - Finish processing
